<?xml version="1.0" encoding="UTF-8"?>
<testng-results ignored="0" total="3" passed="3" failed="0" skipped="0">
  <reporter-output>
  </reporter-output>
  <suite started-at="2025-08-05T16:35:13 PDT" name="Suite" finished-at="2025-08-05T16:35:47 PDT" duration-ms="34381">
    <groups>
    </groups>
    <test started-at="2025-08-05T16:35:13 PDT" name="Test" finished-at="2025-08-05T16:35:47 PDT" duration-ms="34381">
      <class name="com.TestNG_Demo.Day_2.ParallelTestingDemo">
        <test-method signature="googleTest()[pri:0, instance:com.TestNG_Demo.Day_2.ParallelTestingDemo@446293d]" started-at="2025-08-05T16:35:13 PDT" name="googleTest" finished-at="2025-08-05T16:35:21 PDT" duration-ms="7872" status="PASS">
          <reporter-output>
          </reporter-output>
        </test-method> <!-- googleTest -->
        <test-method signature="demoQATest()[pri:0, instance:com.TestNG_Demo.Day_2.ParallelTestingDemo@446293d]" started-at="2025-08-05T16:35:13 PDT" name="demoQATest" finished-at="2025-08-05T16:35:47 PDT" duration-ms="34348" status="PASS">
          <reporter-output>
          </reporter-output>
        </test-method> <!-- demoQATest -->
        <test-method signature="firBaseTest()[pri:0, instance:com.TestNG_Demo.Day_2.ParallelTestingDemo@446293d]" started-at="2025-08-05T16:35:13 PDT" name="firBaseTest" finished-at="2025-08-05T16:35:21 PDT" duration-ms="8283" status="PASS">
          <reporter-output>
          </reporter-output>
        </test-method> <!-- firBaseTest -->
      </class> <!-- com.TestNG_Demo.Day_2.ParallelTestingDemo -->
    </test> <!-- Test -->
  </suite> <!-- Suite -->
</testng-results>
