<?xml version="1.0" encoding="UTF-8"?>
<!-- Generated by org.testng.reporters.JUnitXMLReporter -->
<testsuite ignored="0" hostname="DESKTOP-U68A7E0" failures="1" tests="3" name="Test2" time="0.009" errors="0" timestamp="2025-08-01T09:06:14 PDT">
  <testcase classname="com.TestNG_Demo.Day_1.TestNG2Test" name="login_TC" time="0.0"/>
  <testcase classname="com.TestNG_Demo.Day_1.TestNG2Test" name="changePasswpord_TC" time="0.002">
    <failure type="java.lang.ArithmeticException" message="/ by zero">
      <![CDATA[java.lang.ArithmeticException: / by zero
at com.TestNG_Demo.Day_1.TestNG2Test.changePasswpord_TC(TestNG2Test.java:21)
at java.base/java.util.ArrayList.forEach(ArrayList.java:1511)
... Removed 27 stack frames]]>
    </failure>
  </testcase> <!-- changePasswpord_TC -->
  <testcase classname="com.TestNG_Demo.Day_1.TestNG2Test" name="Logout_TC" time="0.001"/>
</testsuite> <!-- Test2 -->
