<?xml version="1.0" encoding="UTF-8"?>
<!-- Generated by org.testng.reporters.JUnitXMLReporter -->
<testsuite ignored="0" hostname="DESKTOP-U68A7E0" failures="0" tests="3" name="Test" time="34.381" errors="0" timestamp="2025-08-05T16:35:47 PDT">
  <testcase classname="com.TestNG_Demo.Day_2.ParallelTestingDemo" name="googleTest" time="7.872"/>
  <testcase classname="com.TestNG_Demo.Day_2.ParallelTestingDemo" name="firBaseTest" time="8.283"/>
  <testcase classname="com.TestNG_Demo.Day_2.ParallelTestingDemo" name="demoQATest" time="34.348"/>
</testsuite> <!-- Test -->
