<?xml version="1.0" encoding="UTF-8"?>
<!-- Generated by org.testng.reporters.JUnitXMLReporter -->
<testsuite ignored="0" hostname="DESKTOP-U68A7E0" failures="0" tests="3" name="Default test" time="0.635" errors="0" timestamp="2025-08-05T15:03:15 PDT">
  <testcase classname="com.TestNG_Demo.Day_2.TestNG_DataProvider_UsingExcel" name="login_details" time="0.004"/>
  <testcase classname="com.TestNG_Demo.Day_2.TestNG_DataProvider_UsingExcel" name="login_details" time="0.001"/>
  <testcase classname="com.TestNG_Demo.Day_2.TestNG_DataProvider_UsingExcel" name="login_details" time="0.001"/>
</testsuite> <!-- Default test -->
