<?xml version="1.0" encoding="UTF-8"?>
<testng-results ignored="1" total="2" passed="1" failed="0" skipped="0">
  <reporter-output>
  </reporter-output>
  <suite started-at="2025-08-09T15:18:41 PDT" name="Default suite" finished-at="2025-08-09T15:21:25 PDT" duration-ms="164648">
    <groups>
    </groups>
    <test started-at="2025-08-09T15:18:41 PDT" name="Default test" finished-at="2025-08-09T15:21:25 PDT" duration-ms="164648">
      <class name="com.SalesForcePOM.test.UserMenuDropDownTest">
        <test-method is-config="true" signature="setUp(java.lang.String)[pri:0, instance:com.SalesForcePOM.test.UserMenuDropDownTest@39ad977d]" started-at="2025-08-09T15:18:41 PDT" name="setUp" finished-at="2025-08-09T15:18:52 PDT" duration-ms="11172" status="PASS">
          <params>
            <param index="0">
              <value>
                <![CDATA[chrome]]>
              </value>
            </param>
          </params>
          <reporter-output>
          </reporter-output>
        </test-method> <!-- setUp -->
        <test-method signature="TC07()[pri:0, instance:com.SalesForcePOM.test.UserMenuDropDownTest@39ad977d]" started-at="2025-08-09T15:18:52 PDT" name="TC07" finished-at="2025-08-09T15:21:23 PDT" duration-ms="151004" status="PASS">
          <reporter-output>
          </reporter-output>
        </test-method> <!-- TC07 -->
        <test-method is-config="true" signature="tearDown()[pri:0, instance:com.SalesForcePOM.test.UserMenuDropDownTest@39ad977d]" started-at="2025-08-09T15:21:23 PDT" name="tearDown" finished-at="2025-08-09T15:21:25 PDT" duration-ms="2271" status="PASS">
          <reporter-output>
          </reporter-output>
        </test-method> <!-- tearDown -->
      </class> <!-- com.SalesForcePOM.test.UserMenuDropDownTest -->
    </test> <!-- Default test -->
  </suite> <!-- Default suite -->
</testng-results>
