<?xml version="1.0" encoding="UTF-8"?>
<!-- Generated by org.testng.reporters.JUnitXMLReporter -->
<testsuite hostname="DESKTOP-U68A7E0" ignored="0" name="Default test" tests="3" failures="1" timestamp="2025-09-01T15:36:15 PDT" time="0.825" errors="0">
  <testcase name="runScenario" time="0.102" classname="io.cucumber.testng.AbstractTestNGCucumberTests"/>
  <testcase name="runScenario" time="0.013" classname="io.cucumber.testng.AbstractTestNGCucumberTests"/>
  <testcase name="runScenario" time="0.074" classname="io.cucumber.testng.AbstractTestNGCucumberTests">
    <failure type="io.cucumber.testng.UndefinedStepException" message="The step &amp;apos;i click remember me check box&amp;apos; and 3 other step(s) are undefined.
You can implement these steps using the snippet(s) below:

@When(&amp;quot;i click remember me check box&amp;quot;)
public void i_click_remember_me_check_box() {
    // Write code here that turns the phrase above into concrete actions
    throw new io.cucumber.java.PendingException();
}
@When(&amp;quot;i click usermenu dropdown&amp;quot;)
public void i_click_usermenu_dropdown() {
    // Write code here that turns the phrase above into concrete actions
    throw new io.cucumber.java.PendingException();
}
@When(&amp;quot;i click logout&amp;quot;)
public void i_click_logout() {
    // Write code here that turns the phrase above into concrete actions
    throw new io.cucumber.java.PendingException();
}
@Then(&amp;quot;i validate username remember validation&amp;quot;)
public void i_validate_username_remember_validation() {
    // Write code here that turns the phrase above into concrete actions
    throw new io.cucumber.java.PendingException();
}
">
      <![CDATA[io.cucumber.testng.UndefinedStepException: The step 'i click remember me check box' and 3 other step(s) are undefined.
You can implement these steps using the snippet(s) below:

@When("i click remember me check box")
public void i_click_remember_me_check_box() {
    // Write code here that turns the phrase above into concrete actions
    throw new io.cucumber.java.PendingException();
}
@When("i click usermenu dropdown")
public void i_click_usermenu_dropdown() {
    // Write code here that turns the phrase above into concrete actions
    throw new io.cucumber.java.PendingException();
}
@When("i click logout")
public void i_click_logout() {
    // Write code here that turns the phrase above into concrete actions
    throw new io.cucumber.java.PendingException();
}
@Then("i validate username remember validation")
public void i_validate_username_remember_validation() {
    // Write code here that turns the phrase above into concrete actions
    throw new io.cucumber.java.PendingException();
}

at ✽.i click remember me check box(file:///C:/Users/poong/eclipse-workspace2025/com.CucumberSFWithPOMUpgrade/src/test/resources/features/Login.feature:25)
]]>
    </failure>
  </testcase> <!-- runScenario -->
</testsuite> <!-- Default test -->
