<?xml version="1.0" encoding="UTF-8"?>
<!-- Generated by org.testng.reporters.JUnitXMLReporter -->
<testsuite ignored="1" hostname="DESKTOP-U68A7E0" failures="0" tests="1" name="Default test" time="164.648" errors="0" timestamp="2025-08-09T15:21:25 PDT">
  <testcase classname="com.SalesForcePOM.test.UserMenuDropDownTest" name="TC07" time="151.004"/>
  <testcase classname="com.SalesForcePOM.test.UserMenuDropDownTest" name="TC05" time="0.0">
    <ignored/>
  </testcase> <!-- TC05 -->
</testsuite> <!-- Default test -->
